03-Firebase/app/build/intermediates/manifest_merge_blame_file/debug/manifest-merger-blame-debug-report.txt
1<?xml version="1.0" encoding="utf-8"?>
2<manifest xmlns:android="http://schemas.android.com/apk/res/android"
3    package="com.example.proyectofirebase"
4    android:versionCode="1"
5    android:versionName="1.0" >
6
7    <uses-sdk
8        android:minSdkVersion="24"
8-->src\main\AndroidManifest.xml
9        android:targetSdkVersion="31" />
9-->src\main\AndroidManifest.xml
10
11    <uses-permission android:name="android.permission.ACCESS_NETWORK_STATE" />
11-->[com.firebaseui:firebase-ui-auth:7.2.0] AndroidManifest.xml:12:5-79
11-->[com.firebaseui:firebase-ui-auth:7.2.0] AndroidManifest.xml:12:22-76
12    <uses-permission android:name="android.permission.INTERNET" />
12-->[com.firebaseui:firebase-ui-auth:7.2.0] AndroidManifest.xml:13:5-67
12-->[com.firebaseui:firebase-ui-auth:7.2.0] AndroidManifest.xml:13:22-64
13
14    <application
14-->src\main\AndroidManifest.xml:5:5-21:19
15        android:allowBackup="true"
15-->src\main\AndroidManifest.xml:6:9-35
16        android:appComponentFactory="androidx.core.app.CoreComponentFactory"
16-->[androidx.core:core:1.7.0] AndroidManifest.xml:24:18-86
17        android:debuggable="true"
18        android:extractNativeLibs="false"
19        android:icon="@mipmap/ic_launcher"
19-->src\main\AndroidManifest.xml:7:9-43
20        android:label="@string/app_name"
20-->src\main\AndroidManifest.xml:8:9-41
21        android:roundIcon="@mipmap/ic_launcher_round"
21-->src\main\AndroidManifest.xml:9:9-54
22        android:supportsRtl="true"
22-->src\main\AndroidManifest.xml:10:9-35
23        android:testOnly="true"
24        android:theme="@style/Theme.ProyectoFirebase" >
24-->src\main\AndroidManifest.xml:11:9-54
25        <activity
25-->src\main\AndroidManifest.xml:12:9-20:20
26            android:name="com.example.proyectofirebase.MainActivity"
26-->src\main\AndroidManifest.xml:13:13-41
27            android:exported="true" >
27-->src\main\AndroidManifest.xml:14:13-36
28            <intent-filter>
28-->src\main\AndroidManifest.xml:15:13-19:29
29                <action android:name="android.intent.action.MAIN" />
29-->src\main\AndroidManifest.xml:16:17-69
29-->src\main\AndroidManifest.xml:16:25-66
30
31                <category android:name="android.intent.category.LAUNCHER" />
31-->src\main\AndroidManifest.xml:18:17-77
31-->src\main\AndroidManifest.xml:18:27-74
32            </intent-filter>
33        </activity>
34
35        <meta-data
35-->[com.firebaseui:firebase-ui-auth:7.2.0] AndroidManifest.xml:16:9-18:69
36            android:name="com.google.android.gms.version"
36-->[com.firebaseui:firebase-ui-auth:7.2.0] AndroidManifest.xml:17:13-58
37            android:value="@integer/google_play_services_version" />
37-->[com.firebaseui:firebase-ui-auth:7.2.0] AndroidManifest.xml:18:13-66
38        <meta-data
38-->[com.firebaseui:firebase-ui-auth:7.2.0] AndroidManifest.xml:19:9-21:63
39            android:name="com.facebook.sdk.ApplicationId"
39-->[com.firebaseui:firebase-ui-auth:7.2.0] AndroidManifest.xml:20:13-58
40            android:value="@string/facebook_application_id" />
40-->[com.firebaseui:firebase-ui-auth:7.2.0] AndroidManifest.xml:21:13-60
41
42        <activity
42-->[com.firebaseui:firebase-ui-auth:7.2.0] AndroidManifest.xml:23:9-27:61
43            android:name="com.firebase.ui.auth.KickoffActivity"
43-->[com.firebaseui:firebase-ui-auth:7.2.0] AndroidManifest.xml:24:13-64
44            android:exported="false"
44-->[com.firebaseui:firebase-ui-auth:7.2.0] AndroidManifest.xml:25:13-37
45            android:label=""
45-->[com.firebaseui:firebase-ui-auth:7.2.0] AndroidManifest.xml:26:13-29
46            android:theme="@style/FirebaseUI.Transparent" />
46-->[com.firebaseui:firebase-ui-auth:7.2.0] AndroidManifest.xml:27:13-58
47        <activity
47-->[com.firebaseui:firebase-ui-auth:7.2.0] AndroidManifest.xml:28:9-32:61
48            android:name="com.firebase.ui.auth.ui.idp.SingleSignInActivity"
48-->[com.firebaseui:firebase-ui-auth:7.2.0] AndroidManifest.xml:29:13-76
49            android:exported="false"
49-->[com.firebaseui:firebase-ui-auth:7.2.0] AndroidManifest.xml:30:13-37
50            android:label=""
50-->[com.firebaseui:firebase-ui-auth:7.2.0] AndroidManifest.xml:31:13-29
51            android:theme="@style/FirebaseUI.Transparent" />
51-->[com.firebaseui:firebase-ui-auth:7.2.0] AndroidManifest.xml:32:13-58
52        <activity
52-->[com.firebaseui:firebase-ui-auth:7.2.0] AndroidManifest.xml:33:9-37:61
53            android:name="com.firebase.ui.auth.ui.credentials.CredentialSaveActivity"
53-->[com.firebaseui:firebase-ui-auth:7.2.0] AndroidManifest.xml:34:13-86
54            android:exported="false"
54-->[com.firebaseui:firebase-ui-auth:7.2.0] AndroidManifest.xml:35:13-37
55            android:label=""
55-->[com.firebaseui:firebase-ui-auth:7.2.0] AndroidManifest.xml:36:13-29
56            android:theme="@style/FirebaseUI.Transparent" />
56-->[com.firebaseui:firebase-ui-auth:7.2.0] AndroidManifest.xml:37:13-58
57        <activity
57-->[com.firebaseui:firebase-ui-auth:7.2.0] AndroidManifest.xml:38:9-42:58
58            android:name="com.firebase.ui.auth.ui.email.RecoverPasswordActivity"
58-->[com.firebaseui:firebase-ui-auth:7.2.0] AndroidManifest.xml:39:13-81
59            android:exported="false"
59-->[com.firebaseui:firebase-ui-auth:7.2.0] AndroidManifest.xml:40:13-37
60            android:label="@string/fui_title_recover_password_activity"
60-->[com.firebaseui:firebase-ui-auth:7.2.0] AndroidManifest.xml:41:13-72
61            android:windowSoftInputMode="adjustResize" />
61-->[com.firebaseui:firebase-ui-auth:7.2.0] AndroidManifest.xml:42:13-55
62        <activity
62-->[com.firebaseui:firebase-ui-auth:7.2.0] AndroidManifest.xml:43:9-47:58
63            android:name="com.firebase.ui.auth.ui.email.EmailActivity"
63-->[com.firebaseui:firebase-ui-auth:7.2.0] AndroidManifest.xml:44:13-71
64            android:exported="false"
64-->[com.firebaseui:firebase-ui-auth:7.2.0] AndroidManifest.xml:45:13-37
65            android:label="@string/fui_sign_in_default"
65-->[com.firebaseui:firebase-ui-auth:7.2.0] AndroidManifest.xml:46:13-56
66            android:windowSoftInputMode="adjustResize" />
66-->[com.firebaseui:firebase-ui-auth:7.2.0] AndroidManifest.xml:47:13-55
67        <activity
67-->[com.firebaseui:firebase-ui-auth:7.2.0] AndroidManifest.xml:48:9-52:77
68            android:name="com.firebase.ui.auth.ui.phone.PhoneActivity"
68-->[com.firebaseui:firebase-ui-auth:7.2.0] AndroidManifest.xml:49:13-71
69            android:exported="false"
69-->[com.firebaseui:firebase-ui-auth:7.2.0] AndroidManifest.xml:50:13-37
70            android:label="@string/fui_sign_in_with_phone_number"
70-->[com.firebaseui:firebase-ui-auth:7.2.0] AndroidManifest.xml:51:13-66
71            android:windowSoftInputMode="adjustResize|stateAlwaysVisible" />
71-->[com.firebaseui:firebase-ui-auth:7.2.0] AndroidManifest.xml:52:13-74
72        <activity
72-->[com.firebaseui:firebase-ui-auth:7.2.0] AndroidManifest.xml:53:9-57:58
73            android:name="com.firebase.ui.auth.ui.idp.WelcomeBackIdpPrompt"
73-->[com.firebaseui:firebase-ui-auth:7.2.0] AndroidManifest.xml:54:13-76
74            android:exported="false"
74-->[com.firebaseui:firebase-ui-auth:7.2.0] AndroidManifest.xml:55:13-37
75            android:label="@string/fui_title_welcome_back_idp_prompt"
75-->[com.firebaseui:firebase-ui-auth:7.2.0] AndroidManifest.xml:56:13-70
76            android:windowSoftInputMode="adjustResize" />
76-->[com.firebaseui:firebase-ui-auth:7.2.0] AndroidManifest.xml:57:13-55
77        <activity
77-->[com.firebaseui:firebase-ui-auth:7.2.0] AndroidManifest.xml:58:9-62:58
78            android:name="com.firebase.ui.auth.ui.email.WelcomeBackPasswordPrompt"
78-->[com.firebaseui:firebase-ui-auth:7.2.0] AndroidManifest.xml:59:13-83
79            android:exported="false"
79-->[com.firebaseui:firebase-ui-auth:7.2.0] AndroidManifest.xml:60:13-37
80            android:label="@string/fui_title_welcome_back_password_prompt"
80-->[com.firebaseui:firebase-ui-auth:7.2.0] AndroidManifest.xml:61:13-75
81            android:windowSoftInputMode="adjustResize" />
81-->[com.firebaseui:firebase-ui-auth:7.2.0] AndroidManifest.xml:62:13-55
82        <activity
82-->[com.firebaseui:firebase-ui-auth:7.2.0] AndroidManifest.xml:63:9-67:58
83            android:name="com.firebase.ui.auth.ui.email.WelcomeBackEmailLinkPrompt"
83-->[com.firebaseui:firebase-ui-auth:7.2.0] AndroidManifest.xml:64:13-84
84            android:exported="false"
84-->[com.firebaseui:firebase-ui-auth:7.2.0] AndroidManifest.xml:65:13-37
85            android:label="@string/fui_title_welcome_back_password_prompt"
85-->[com.firebaseui:firebase-ui-auth:7.2.0] AndroidManifest.xml:66:13-75
86            android:windowSoftInputMode="adjustResize" />
86-->[com.firebaseui:firebase-ui-auth:7.2.0] AndroidManifest.xml:67:13-55
87        <activity
87-->[com.firebaseui:firebase-ui-auth:7.2.0] AndroidManifest.xml:68:9-73:58
88            android:name="com.firebase.ui.auth.ui.email.EmailLinkCatcherActivity"
88-->[com.firebaseui:firebase-ui-auth:7.2.0] AndroidManifest.xml:69:13-82
89            android:exported="false"
89-->[com.firebaseui:firebase-ui-auth:7.2.0] AndroidManifest.xml:70:13-37
90            android:label=""
90-->[com.firebaseui:firebase-ui-auth:7.2.0] AndroidManifest.xml:71:13-29
91            android:theme="@style/FirebaseUI.Transparent"
91-->[com.firebaseui:firebase-ui-auth:7.2.0] AndroidManifest.xml:72:13-58
92            android:windowSoftInputMode="adjustResize" />
92-->[com.firebaseui:firebase-ui-auth:7.2.0] AndroidManifest.xml:73:13-55
93        <activity
93-->[com.firebaseui:firebase-ui-auth:7.2.0] AndroidManifest.xml:74:9-78:58
94            android:name="com.firebase.ui.auth.ui.email.EmailLinkErrorRecoveryActivity"
94-->[com.firebaseui:firebase-ui-auth:7.2.0] AndroidManifest.xml:75:13-88
95            android:exported="false"
95-->[com.firebaseui:firebase-ui-auth:7.2.0] AndroidManifest.xml:76:13-37
96            android:label="@string/fui_sign_in_default"
96-->[com.firebaseui:firebase-ui-auth:7.2.0] AndroidManifest.xml:77:13-56
97            android:windowSoftInputMode="adjustResize" />
97-->[com.firebaseui:firebase-ui-auth:7.2.0] AndroidManifest.xml:78:13-55
98        <activity
98-->[com.firebaseui:firebase-ui-auth:7.2.0] AndroidManifest.xml:79:9-82:65
99            android:name="com.firebase.ui.auth.ui.idp.AuthMethodPickerActivity"
99-->[com.firebaseui:firebase-ui-auth:7.2.0] AndroidManifest.xml:80:13-80
100            android:exported="false"
100-->[com.firebaseui:firebase-ui-auth:7.2.0] AndroidManifest.xml:81:13-37
101            android:label="@string/fui_default_toolbar_title" />
101-->[com.firebaseui:firebase-ui-auth:7.2.0] AndroidManifest.xml:82:13-62
102        <activity
102-->[com.firebaseui:firebase-ui-auth:7.2.0] AndroidManifest.xml:83:9-87:48
103            android:name="com.facebook.FacebookActivity"
103-->[com.firebaseui:firebase-ui-auth:7.2.0] AndroidManifest.xml:84:13-57
104            android:configChanges="keyboard|keyboardHidden|screenLayout|screenSize|orientation"
104-->[com.firebaseui:firebase-ui-auth:7.2.0] AndroidManifest.xml:85:13-96
105            android:label="@string/app_name" />
105-->[com.firebaseui:firebase-ui-auth:7.2.0] AndroidManifest.xml:86:13-45
106        <activity
106-->[com.firebaseui:firebase-ui-auth:7.2.0] AndroidManifest.xml:88:9-100:20
107            android:name="com.facebook.CustomTabActivity"
107-->[com.firebaseui:firebase-ui-auth:7.2.0] AndroidManifest.xml:89:13-58
108            android:exported="true" >
108-->[com.firebaseui:firebase-ui-auth:7.2.0] AndroidManifest.xml:90:13-36
109            <intent-filter>
109-->[com.firebaseui:firebase-ui-auth:7.2.0] AndroidManifest.xml:92:13-99:29
110                <action android:name="android.intent.action.VIEW" />
110-->[com.firebaseui:firebase-ui-auth:7.2.0] AndroidManifest.xml:93:17-69
110-->[com.firebaseui:firebase-ui-auth:7.2.0] AndroidManifest.xml:93:25-66
111
112                <category android:name="android.intent.category.DEFAULT" />
112-->[com.firebaseui:firebase-ui-auth:7.2.0] AndroidManifest.xml:95:17-76
112-->[com.firebaseui:firebase-ui-auth:7.2.0] AndroidManifest.xml:95:27-73
113                <category android:name="android.intent.category.BROWSABLE" />
113-->[com.firebaseui:firebase-ui-auth:7.2.0] AndroidManifest.xml:96:17-78
113-->[com.firebaseui:firebase-ui-auth:7.2.0] AndroidManifest.xml:96:27-75
114
115                <data android:scheme="@string/facebook_login_protocol_scheme" />
115-->[com.firebaseui:firebase-ui-auth:7.2.0] AndroidManifest.xml:98:17-81
115-->[com.firebaseui:firebase-ui-auth:7.2.0] AndroidManifest.xml:98:23-78
116            </intent-filter>
117        </activity>
118
119        <provider
119-->[com.firebaseui:firebase-ui-auth:7.2.0] AndroidManifest.xml:102:9-106:38
120            android:name="com.firebase.ui.auth.data.client.AuthUiInitProvider"
120-->[com.firebaseui:firebase-ui-auth:7.2.0] AndroidManifest.xml:103:13-79
121            android:authorities="com.example.proyectofirebase.authuiinitprovider"
121-->[com.firebaseui:firebase-ui-auth:7.2.0] AndroidManifest.xml:104:13-70
122            android:exported="false"
122-->[com.firebaseui:firebase-ui-auth:7.2.0] AndroidManifest.xml:105:13-37
123            android:initOrder="90" />
123-->[com.firebaseui:firebase-ui-auth:7.2.0] AndroidManifest.xml:106:13-35
124
125        <activity
125-->[com.google.firebase:firebase-auth:21.0.1] AndroidManifest.xml:27:9-44:20
126            android:name="com.google.firebase.auth.internal.GenericIdpActivity"
126-->[com.google.firebase:firebase-auth:21.0.1] AndroidManifest.xml:28:13-80
127            android:excludeFromRecents="true"
127-->[com.google.firebase:firebase-auth:21.0.1] AndroidManifest.xml:29:13-46
128            android:exported="true"
128-->[com.google.firebase:firebase-auth:21.0.1] AndroidManifest.xml:30:13-36
129            android:launchMode="singleTask"
129-->[com.google.firebase:firebase-auth:21.0.1] AndroidManifest.xml:31:13-44
130            android:theme="@android:style/Theme.Translucent.NoTitleBar" >
130-->[com.google.firebase:firebase-auth:21.0.1] AndroidManifest.xml:32:13-72
131            <intent-filter>
131-->[com.google.firebase:firebase-auth:21.0.1] AndroidManifest.xml:33:13-43:29
132                <action android:name="android.intent.action.VIEW" />
132-->[com.firebaseui:firebase-ui-auth:7.2.0] AndroidManifest.xml:93:17-69
132-->[com.firebaseui:firebase-ui-auth:7.2.0] AndroidManifest.xml:93:25-66
133
134                <category android:name="android.intent.category.DEFAULT" />
134-->[com.firebaseui:firebase-ui-auth:7.2.0] AndroidManifest.xml:95:17-76
134-->[com.firebaseui:firebase-ui-auth:7.2.0] AndroidManifest.xml:95:27-73
135                <category android:name="android.intent.category.BROWSABLE" />
135-->[com.firebaseui:firebase-ui-auth:7.2.0] AndroidManifest.xml:96:17-78
135-->[com.firebaseui:firebase-ui-auth:7.2.0] AndroidManifest.xml:96:27-75
136
137                <data
137-->[com.firebaseui:firebase-ui-auth:7.2.0] AndroidManifest.xml:98:17-81
138                    android:host="firebase.auth"
139                    android:path="/"
140                    android:scheme="genericidp" />
140-->[com.firebaseui:firebase-ui-auth:7.2.0] AndroidManifest.xml:98:23-78
141            </intent-filter>
142        </activity>
143        <activity
143-->[com.google.firebase:firebase-auth:21.0.1] AndroidManifest.xml:45:9-62:20
144            android:name="com.google.firebase.auth.internal.RecaptchaActivity"
144-->[com.google.firebase:firebase-auth:21.0.1] AndroidManifest.xml:46:13-79
145            android:excludeFromRecents="true"
145-->[com.google.firebase:firebase-auth:21.0.1] AndroidManifest.xml:47:13-46
146            android:exported="true"
146-->[com.google.firebase:firebase-auth:21.0.1] AndroidManifest.xml:48:13-36
147            android:launchMode="singleTask"
147-->[com.google.firebase:firebase-auth:21.0.1] AndroidManifest.xml:49:13-44
148            android:theme="@android:style/Theme.Translucent.NoTitleBar" >
148-->[com.google.firebase:firebase-auth:21.0.1] AndroidManifest.xml:50:13-72
149            <intent-filter>
149-->[com.google.firebase:firebase-auth:21.0.1] AndroidManifest.xml:51:13-61:29
150                <action android:name="android.intent.action.VIEW" />
150-->[com.firebaseui:firebase-ui-auth:7.2.0] AndroidManifest.xml:93:17-69
150-->[com.firebaseui:firebase-ui-auth:7.2.0] AndroidManifest.xml:93:25-66
151
152                <category android:name="android.intent.category.DEFAULT" />
152-->[com.firebaseui:firebase-ui-auth:7.2.0] AndroidManifest.xml:95:17-76
152-->[com.firebaseui:firebase-ui-auth:7.2.0] AndroidManifest.xml:95:27-73
153                <category android:name="android.intent.category.BROWSABLE" />
153-->[com.firebaseui:firebase-ui-auth:7.2.0] AndroidManifest.xml:96:17-78
153-->[com.firebaseui:firebase-ui-auth:7.2.0] AndroidManifest.xml:96:27-75
154
155                <data
155-->[com.firebaseui:firebase-ui-auth:7.2.0] AndroidManifest.xml:98:17-81
156                    android:host="firebase.auth"
157                    android:path="/"
158                    android:scheme="recaptcha" />
158-->[com.firebaseui:firebase-ui-auth:7.2.0] AndroidManifest.xml:98:23-78
159            </intent-filter>
160        </activity>
161
162        <service
162-->[com.google.firebase:firebase-auth:21.0.1] AndroidManifest.xml:64:9-73:19
163            android:name="com.google.firebase.auth.api.fallback.service.FirebaseAuthFallbackService"
163-->[com.google.firebase:firebase-auth:21.0.1] AndroidManifest.xml:65:13-101
164            android:enabled="true"
164-->[com.google.firebase:firebase-auth:21.0.1] AndroidManifest.xml:66:13-35
165            android:exported="false" >
165-->[com.google.firebase:firebase-auth:21.0.1] AndroidManifest.xml:67:13-37
166            <intent-filter>
166-->[com.google.firebase:firebase-auth:21.0.1] AndroidManifest.xml:68:13-72:29
167                <action android:name="com.google.firebase.auth.api.gms.service.START" />
167-->[com.google.firebase:firebase-auth:21.0.1] AndroidManifest.xml:69:17-89
167-->[com.google.firebase:firebase-auth:21.0.1] AndroidManifest.xml:69:25-86
168
169                <category android:name="android.intent.category.DEFAULT" />
169-->[com.firebaseui:firebase-ui-auth:7.2.0] AndroidManifest.xml:95:17-76
169-->[com.firebaseui:firebase-ui-auth:7.2.0] AndroidManifest.xml:95:27-73
170            </intent-filter>
171        </service>
172        <service
172-->[com.google.firebase:firebase-auth:21.0.1] AndroidManifest.xml:74:9-80:19
173            android:name="com.google.firebase.components.ComponentDiscoveryService"
173-->[com.google.firebase:firebase-auth:21.0.1] AndroidManifest.xml:75:13-84
174            android:directBootAware="true"
174-->[com.google.firebase:firebase-common:20.0.0] AndroidManifest.xml:35:13-43
175            android:exported="false" >
175-->[com.google.firebase:firebase-auth:21.0.1] AndroidManifest.xml:76:13-37
176            <meta-data
176-->[com.google.firebase:firebase-auth:21.0.1] AndroidManifest.xml:77:13-79:85
177                android:name="com.google.firebase.components:com.google.firebase.auth.FirebaseAuthRegistrar"
177-->[com.google.firebase:firebase-auth:21.0.1] AndroidManifest.xml:78:17-109
178                android:value="com.google.firebase.components.ComponentRegistrar" />
178-->[com.google.firebase:firebase-auth:21.0.1] AndroidManifest.xml:79:17-82
179        </service>
180
181        <activity
181-->[com.google.android.gms:play-services-auth:19.0.0] AndroidManifest.xml:23:9-27:75
182            android:name="com.google.android.gms.auth.api.signin.internal.SignInHubActivity"
182-->[com.google.android.gms:play-services-auth:19.0.0] AndroidManifest.xml:24:13-93
183            android:excludeFromRecents="true"
183-->[com.google.android.gms:play-services-auth:19.0.0] AndroidManifest.xml:25:13-46
184            android:exported="false"
184-->[com.google.android.gms:play-services-auth:19.0.0] AndroidManifest.xml:26:13-37
185            android:theme="@android:style/Theme.Translucent.NoTitleBar" />
185-->[com.google.android.gms:play-services-auth:19.0.0] AndroidManifest.xml:27:13-72
186        <!--
187            Service handling Google Sign-In user revocation. For apps that do not integrate with
188            Google Sign-In, this service will never be started.
189        -->
190        <service
190-->[com.google.android.gms:play-services-auth:19.0.0] AndroidManifest.xml:33:9-37:51
191            android:name="com.google.android.gms.auth.api.signin.RevocationBoundService"
191-->[com.google.android.gms:play-services-auth:19.0.0] AndroidManifest.xml:34:13-89
192            android:exported="true"
192-->[com.google.android.gms:play-services-auth:19.0.0] AndroidManifest.xml:35:13-36
193            android:permission="com.google.android.gms.auth.api.signin.permission.REVOCATION_NOTIFICATION"
193-->[com.google.android.gms:play-services-auth:19.0.0] AndroidManifest.xml:36:13-107
194            android:visibleToInstantApps="true" />
194-->[com.google.android.gms:play-services-auth:19.0.0] AndroidManifest.xml:37:13-48
195
196        <activity
196-->[com.google.android.gms:play-services-base:17.1.0] AndroidManifest.xml:23:9-26:75
197            android:name="com.google.android.gms.common.api.GoogleApiActivity"
197-->[com.google.android.gms:play-services-base:17.1.0] AndroidManifest.xml:24:13-79
198            android:exported="false"
198-->[com.google.android.gms:play-services-base:17.1.0] AndroidManifest.xml:25:13-37
199            android:theme="@android:style/Theme.Translucent.NoTitleBar" />
199-->[com.google.android.gms:play-services-base:17.1.0] AndroidManifest.xml:26:13-72
200
201        <provider
201-->[com.google.firebase:firebase-common:20.0.0] AndroidManifest.xml:26:9-31:39
202            android:name="com.google.firebase.provider.FirebaseInitProvider"
202-->[com.google.firebase:firebase-common:20.0.0] AndroidManifest.xml:27:13-77
203            android:authorities="com.example.proyectofirebase.firebaseinitprovider"
203-->[com.google.firebase:firebase-common:20.0.0] AndroidManifest.xml:28:13-72
204            android:directBootAware="true"
204-->[com.google.firebase:firebase-common:20.0.0] AndroidManifest.xml:29:13-43
205            android:exported="false"
205-->[com.google.firebase:firebase-common:20.0.0] AndroidManifest.xml:30:13-37
206            android:initOrder="100" />
206-->[com.google.firebase:firebase-common:20.0.0] AndroidManifest.xml:31:13-36
207        <provider
207-->[androidx.emoji2:emoji2:1.0.0] AndroidManifest.xml:26:9-34:20
208            android:name="androidx.startup.InitializationProvider"
208-->[androidx.emoji2:emoji2:1.0.0] AndroidManifest.xml:27:13-67
209            android:authorities="com.example.proyectofirebase.androidx-startup"
209-->[androidx.emoji2:emoji2:1.0.0] AndroidManifest.xml:28:13-68
210            android:exported="false" >
210-->[androidx.emoji2:emoji2:1.0.0] AndroidManifest.xml:29:13-37
211            <meta-data
211-->[androidx.emoji2:emoji2:1.0.0] AndroidManifest.xml:31:13-33:52
212                android:name="androidx.emoji2.text.EmojiCompatInitializer"
212-->[androidx.emoji2:emoji2:1.0.0] AndroidManifest.xml:32:17-75
213                android:value="androidx.startup" />
213-->[androidx.emoji2:emoji2:1.0.0] AndroidManifest.xml:33:17-49
214            <meta-data
214-->[androidx.lifecycle:lifecycle-process:2.4.0] AndroidManifest.xml:31:13-33:52
215                android:name="androidx.lifecycle.ProcessLifecycleInitializer"
215-->[androidx.lifecycle:lifecycle-process:2.4.0] AndroidManifest.xml:32:17-78
216                android:value="androidx.startup" />
216-->[androidx.lifecycle:lifecycle-process:2.4.0] AndroidManifest.xml:33:17-49
217        </provider>
218    </application>
219
220</manifest>